<?xml version="1.0" encoding="UTF-8"?>
<coverage generated="1782214560952" clover="3.2.0">
  <project timestamp="1782214560952" name="All files">
    <metrics statements="29" coveredstatements="24" conditionals="12" coveredconditionals="8" methods="8" coveredmethods="6" elements="49" coveredelements="38" complexity="0" loc="29" ncloc="29" packages="1" files="1" classes="1"/>
    <file name="server.js" path="C:\Users\Thomas\OneDrive\Documents\GitHub\github-actions-learning\sample-app\src\server.js">
      <metrics statements="29" coveredstatements="24" conditionals="12" coveredconditionals="8" methods="8" coveredmethods="6"/>
      <line num="1" count="1" type="stmt"/>
      <line num="2" count="1" type="stmt"/>
      <line num="3" count="1" type="cond" truecount="2" falsecount="0"/>
      <line num="6" count="1" type="stmt"/>
      <line num="7" count="1" type="stmt"/>
      <line num="10" count="1" type="stmt"/>
      <line num="11" count="1" type="stmt"/>
      <line num="18" count="1" type="stmt"/>
      <line num="19" count="2" type="cond" truecount="2" falsecount="0"/>
      <line num="20" count="2" type="stmt"/>
      <line num="26" count="1" type="stmt"/>
      <line num="27" count="1" type="stmt"/>
      <line num="34" count="1" type="stmt"/>
      <line num="35" count="2" type="stmt"/>
      <line num="37" count="2" type="cond" truecount="2" falsecount="0"/>
      <line num="38" count="1" type="stmt"/>
      <line num="41" count="1" type="stmt"/>
      <line num="49" count="1" type="stmt"/>
      <line num="50" count="1" type="stmt"/>
      <line num="54" count="1" type="stmt"/>
      <line num="55" count="1" type="stmt"/>
      <line num="59" count="1" type="stmt"/>
      <line num="60" count="0" type="stmt"/>
      <line num="61" count="0" type="stmt"/>
      <line num="65" count="1" type="cond" truecount="1" falsecount="1"/>
      <line num="66" count="0" type="stmt"/>
      <line num="67" count="0" type="stmt"/>
      <line num="68" count="0" type="cond" truecount="0" falsecount="2"/>
      <line num="72" count="1" type="stmt"/>
    </file>
  </project>
</coverage>
