{"C:\\Users\\Thomas\\OneDrive\\Documents\\GitHub\\github-actions-learning\\sample-app\\src\\server.js": {"path":"C:\\Users\\Thomas\\OneDrive\\Documents\\GitHub\\github-actions-learning\\sample-app\\src\\server.js","statementMap":{"0":{"start":{"line":1,"column":16},"end":{"line":1,"column":34}},"1":{"start":{"line":2,"column":12},"end":{"line":2,"column":21}},"2":{"start":{"line":3,"column":13},"end":{"line":3,"column":37}},"3":{"start":{"line":6,"column":0},"end":{"line":6,"column":24}},"4":{"start":{"line":7,"column":0},"end":{"line":7,"column":34}},"5":{"start":{"line":10,"column":0},"end":{"line":16,"column":3}},"6":{"start":{"line":11,"column":2},"end":{"line":15,"column":5}},"7":{"start":{"line":18,"column":0},"end":{"line":24,"column":3}},"8":{"start":{"line":19,"column":15},"end":{"line":19,"column":40}},"9":{"start":{"line":20,"column":2},"end":{"line":23,"column":5}},"10":{"start":{"line":26,"column":0},"end":{"line":32,"column":3}},"11":{"start":{"line":27,"column":2},"end":{"line":31,"column":5}},"12":{"start":{"line":34,"column":0},"end":{"line":46,"column":3}},"13":{"start":{"line":35,"column":19},"end":{"line":35,"column":27}},"14":{"start":{"line":37,"column":2},"end":{"line":39,"column":3}},"15":{"start":{"line":38,"column":4},"end":{"line":38,"column":69}},"16":{"start":{"line":41,"column":2},"end":{"line":45,"column":5}},"17":{"start":{"line":49,"column":0},"end":{"line":51,"column":3}},"18":{"start":{"line":50,"column":2},"end":{"line":50,"column":41}},"19":{"start":{"line":54,"column":0},"end":{"line":56,"column":3}},"20":{"start":{"line":55,"column":2},"end":{"line":55,"column":47}},"21":{"start":{"line":59,"column":0},"end":{"line":62,"column":3}},"22":{"start":{"line":60,"column":2},"end":{"line":60,"column":27}},"23":{"start":{"line":61,"column":2},"end":{"line":61,"column":59}},"24":{"start":{"line":65,"column":0},"end":{"line":70,"column":1}},"25":{"start":{"line":66,"column":2},"end":{"line":69,"column":5}},"26":{"start":{"line":67,"column":4},"end":{"line":67,"column":65}},"27":{"start":{"line":68,"column":4},"end":{"line":68,"column":73}},"28":{"start":{"line":72,"column":0},"end":{"line":72,"column":21}}},"fnMap":{"0":{"name":"(anonymous_0)","decl":{"start":{"line":10,"column":13},"end":{"line":10,"column":14}},"loc":{"start":{"line":10,"column":27},"end":{"line":16,"column":1}},"line":10},"1":{"name":"(anonymous_1)","decl":{"start":{"line":18,"column":22},"end":{"line":18,"column":23}},"loc":{"start":{"line":18,"column":36},"end":{"line":24,"column":1}},"line":18},"2":{"name":"(anonymous_2)","decl":{"start":{"line":26,"column":23},"end":{"line":26,"column":24}},"loc":{"start":{"line":26,"column":37},"end":{"line":32,"column":1}},"line":26},"3":{"name":"(anonymous_3)","decl":{"start":{"line":34,"column":22},"end":{"line":34,"column":23}},"loc":{"start":{"line":34,"column":36},"end":{"line":46,"column":1}},"line":34},"4":{"name":"(anonymous_4)","decl":{"start":{"line":49,"column":19},"end":{"line":49,"column":20}},"loc":{"start":{"line":49,"column":33},"end":{"line":51,"column":1}},"line":49},"5":{"name":"(anonymous_5)","decl":{"start":{"line":54,"column":8},"end":{"line":54,"column":9}},"loc":{"start":{"line":54,"column":22},"end":{"line":56,"column":1}},"line":54},"6":{"name":"(anonymous_6)","decl":{"start":{"line":59,"column":8},"end":{"line":59,"column":9}},"loc":{"start":{"line":59,"column":33},"end":{"line":62,"column":1}},"line":59},"7":{"name":"(anonymous_7)","decl":{"start":{"line":66,"column":19},"end":{"line":66,"column":20}},"loc":{"start":{"line":66,"column":25},"end":{"line":69,"column":3}},"line":66}},"branchMap":{"0":{"loc":{"start":{"line":3,"column":13},"end":{"line":3,"column":37}},"type":"binary-expr","locations":[{"start":{"line":3,"column":13},"end":{"line":3,"column":29}},{"start":{"line":3,"column":33},"end":{"line":3,"column":37}}],"line":3},"1":{"loc":{"start":{"line":19,"column":15},"end":{"line":19,"column":40}},"type":"binary-expr","locations":[{"start":{"line":19,"column":15},"end":{"line":19,"column":29}},{"start":{"line":19,"column":33},"end":{"line":19,"column":40}}],"line":19},"2":{"loc":{"start":{"line":30,"column":17},"end":{"line":30,"column":54}},"type":"binary-expr","locations":[{"start":{"line":30,"column":17},"end":{"line":30,"column":37}},{"start":{"line":30,"column":41},"end":{"line":30,"column":54}}],"line":30},"3":{"loc":{"start":{"line":37,"column":2},"end":{"line":39,"column":3}},"type":"if","locations":[{"start":{"line":37,"column":2},"end":{"line":39,"column":3}},{"start":{},"end":{}}],"line":37},"4":{"loc":{"start":{"line":65,"column":0},"end":{"line":70,"column":1}},"type":"if","locations":[{"start":{"line":65,"column":0},"end":{"line":70,"column":1}},{"start":{},"end":{}}],"line":65},"5":{"loc":{"start":{"line":68,"column":32},"end":{"line":68,"column":69}},"type":"binary-expr","locations":[{"start":{"line":68,"column":32},"end":{"line":68,"column":52}},{"start":{"line":68,"column":56},"end":{"line":68,"column":69}}],"line":68}},"s":{"0":1,"1":1,"2":1,"3":1,"4":1,"5":1,"6":1,"7":1,"8":2,"9":2,"10":1,"11":1,"12":1,"13":2,"14":2,"15":1,"16":1,"17":1,"18":1,"19":1,"20":1,"21":1,"22":0,"23":0,"24":1,"25":0,"26":0,"27":0,"28":1},"f":{"0":1,"1":2,"2":1,"3":2,"4":1,"5":1,"6":0,"7":0},"b":{"0":[1,1],"1":[2,1],"2":[1,0],"3":[1,1],"4":[0,1],"5":[0,0]},"_coverageSchema":"1a1c01bbd47fc00a2c39e90264f33305004495a9","hash":"f6feafe6de8ce56f93f98f61ed2c031869a0708b"}
}
