TN:
SF:src\server.js
FN:10,(anonymous_0)
FN:18,(anonymous_1)
FN:26,(anonymous_2)
FN:34,(anonymous_3)
FN:49,(anonymous_4)
FN:54,(anonymous_5)
FN:59,(anonymous_6)
FN:66,(anonymous_7)
FNF:8
FNH:6
FNDA:1,(anonymous_0)
FNDA:2,(anonymous_1)
FNDA:1,(anonymous_2)
FNDA:2,(anonymous_3)
FNDA:1,(anonymous_4)
FNDA:1,(anonymous_5)
FNDA:0,(anonymous_6)
FNDA:0,(anonymous_7)
DA:1,1
DA:2,1
DA:3,1
DA:6,1
DA:7,1
DA:10,1
DA:11,1
DA:18,1
DA:19,2
DA:20,2
DA:26,1
DA:27,1
DA:34,1
DA:35,2
DA:37,2
DA:38,1
DA:41,1
DA:49,1
DA:50,1
DA:54,1
DA:55,1
DA:59,1
DA:60,0
DA:61,0
DA:65,1
DA:66,0
DA:67,0
DA:68,0
DA:72,1
LF:29
LH:24
BRDA:3,0,0,1
BRDA:3,0,1,1
BRDA:19,1,0,2
BRDA:19,1,1,1
BRDA:30,2,0,1
BRDA:30,2,1,0
BRDA:37,3,0,1
BRDA:37,3,1,1
BRDA:65,4,0,0
BRDA:65,4,1,1
BRDA:68,5,0,0
BRDA:68,5,1,0
BRF:12
BRH:8
end_of_record
